INFO 2025-07-03 11:22:03,482 autoreload 12368 3996 Watching for file changes with StatReloader
INFO 2025-07-03 11:24:38,709 autoreload 8808 17484 Watching for file changes with StatReloader
INFO 2025-07-03 11:27:32,502 autoreload 3844 13524 Watching for file changes with StatReloader
INFO 2025-07-03 11:28:43,116 autoreload 3844 13524 C:\Users\UGHE Student\Desktop\Hireme\recruit\recruitment_platform\urls.py changed, reloading.
INFO 2025-07-03 11:28:48,833 autoreload 4764 20872 Watching for file changes with StatReloader
INFO 2025-07-03 11:31:44,257 autoreload 4764 20872 C:\Users\UGHE Student\Desktop\Hireme\recruit\applications\forms.py changed, reloading.
INFO 2025-07-03 11:31:49,204 autoreload 3132 17892 Watching for file changes with StatReloader
INFO 2025-07-03 11:33:21,634 autoreload 3132 17892 C:\Users\UGHE Student\Desktop\Hireme\recruit\jobs\models.py changed, reloading.
INFO 2025-07-03 11:33:24,935 autoreload 18100 19272 Watching for file changes with StatReloader
INFO 2025-07-03 11:36:24,384 autoreload 10212 2660 Watching for file changes with StatReloader
INFO 2025-07-03 11:38:00,348 autoreload 10212 2660 C:\Users\UGHE Student\Desktop\Hireme\recruit\applications\forms.py changed, reloading.
INFO 2025-07-03 11:38:04,294 autoreload 14904 8084 Watching for file changes with StatReloader
INFO 2025-07-03 11:41:28,853 autoreload 14904 8084 C:\Users\UGHE Student\Desktop\Hireme\recruit\applications\urls.py changed, reloading.
INFO 2025-07-03 11:41:33,370 autoreload 18920 12008 Watching for file changes with StatReloader
INFO 2025-07-03 11:43:06,042 autoreload 18920 12008 C:\Users\UGHE Student\Desktop\Hireme\recruit\applications\urls.py changed, reloading.
INFO 2025-07-03 11:43:10,885 autoreload 1100 18544 Watching for file changes with StatReloader
INFO 2025-07-03 11:44:09,253 autoreload 1100 18544 C:\Users\UGHE Student\Desktop\Hireme\recruit\applications\urls.py changed, reloading.
INFO 2025-07-03 11:44:13,597 autoreload 4092 11712 Watching for file changes with StatReloader
INFO 2025-07-03 11:45:06,588 autoreload 4092 11712 C:\Users\UGHE Student\Desktop\Hireme\recruit\applications\urls.py changed, reloading.
INFO 2025-07-03 11:45:11,358 autoreload 17872 6396 Watching for file changes with StatReloader
INFO 2025-07-03 11:45:45,929 autoreload 17872 6396 C:\Users\UGHE Student\Desktop\Hireme\recruit\applications\urls.py changed, reloading.
INFO 2025-07-03 11:45:50,379 autoreload 4540 20860 Watching for file changes with StatReloader
INFO 2025-07-03 11:47:58,713 autoreload 4540 20860 C:\Users\UGHE Student\Desktop\Hireme\recruit\applications\urls.py changed, reloading.
INFO 2025-07-03 11:48:05,550 autoreload 6900 19552 Watching for file changes with StatReloader
INFO 2025-07-03 11:52:34,736 autoreload 6900 19552 C:\Users\UGHE Student\Desktop\Hireme\recruit\talent_pool\models.py changed, reloading.
INFO 2025-07-03 11:52:38,889 autoreload 13104 5564 Watching for file changes with StatReloader
INFO 2025-07-03 11:53:25,179 autoreload 13104 5564 C:\Users\UGHE Student\Desktop\Hireme\recruit\talent_pool\models.py changed, reloading.
INFO 2025-07-03 11:53:30,174 autoreload 19344 6384 Watching for file changes with StatReloader
INFO 2025-07-03 11:54:41,723 autoreload 19344 6384 C:\Users\UGHE Student\Desktop\Hireme\recruit\talent_pool\forms.py changed, reloading.
INFO 2025-07-03 11:54:46,338 autoreload 13328 6780 Watching for file changes with StatReloader
INFO 2025-07-03 11:56:35,971 autoreload 13328 6780 C:\Users\UGHE Student\Desktop\Hireme\recruit\talent_pool\models.py changed, reloading.
INFO 2025-07-03 11:56:41,045 autoreload 4648 15384 Watching for file changes with StatReloader
INFO 2025-07-03 11:58:17,384 autoreload 4648 15384 C:\Users\UGHE Student\Desktop\Hireme\recruit\talent_pool\models.py changed, reloading.
INFO 2025-07-03 11:58:23,731 autoreload 20716 20436 Watching for file changes with StatReloader
